[2026-02-21 16:14:48.070] [vde] [info] Data store configure CACHE_SIZE_MB succeeded
[2026-02-21 16:14:48.070] [vde] [info] Data store configure INI succeeded (/data/datastore.ini)
[2026-02-21 16:14:48.213] [vde] [info] Data store initialization succeeded
[2026-02-21 16:14:48.214] [vde] [info] VDE Engine initializing with work_dir: /data
[2026-02-21 16:14:48.215] [vde] [info] IndexManager and StorageManager created
[2026-02-21 16:16:01.758] [vde] [info] [VDEEngine::OpenCollection] Opening collection 'songs'
[2026-02-21 16:16:01.758] [vde] [info] [VDEEngine::OpenCollection] Looking for collection directory: /data/songs
[2026-02-21 16:16:01.759] [vde] [error] [VDEEngine::OpenCollection] Collection directory does not exist: /data/songs
[2026-02-21 16:16:01.764] [vde] [info] Creating collection 'songs' with index_driver=IndexDriverType::FAISS, storage=StorageType::BTRIEVE_SPACE, dim=12, config=
[2026-02-21 16:16:01.764] [vde] [info] Creating collection directory: /data/songs
[2026-02-21 16:16:01.766] [vde] [info] Creating VDECollection instance for 'songs'
[2026-02-21 16:16:01.766] [vde] [info] Initializing collection 'songs'...
[2026-02-21 16:16:01.766] [vde] [info] [VDECollection::Init] name=songs, index_driver=IndexDriverType::FAISS, storage_type=StorageType::BTRIEVE_SPACE, dimension=12, normalize=auto
[2026-02-21 16:16:01.766] [vde] [info] [VDECollection::Init] Collection data directory: /data/songs
[2026-02-21 16:16:01.766] [vde] [info] [VDECollection::Init] Auto-selected L2 normalization for COSINE metric
[2026-02-21 16:16:01.767] [vde] [info] [VDECollection::Init] collection='songs', normalize_driver='L2-MKL-Advanced' (L2)
[2026-02-21 16:16:01.767] [vde] [info] [VDECollection::Init] Creating index driver: IndexDriverType::FAISS
[2026-02-21 16:16:01.769] [vde] [info] [FaissDriver] Created HNSW index: dim=12, M=16, ef_construct=200, ef_search=50, own_fields=true
[2026-02-21 16:16:01.769] [vde] [info] [VDECollection::Init] Index driver created successfully
[2026-02-21 16:16:01.769] [vde] [info] [VDECollection::Init] Creating storage driver: StorageType::BTRIEVE_SPACE
[2026-02-21 16:16:01.772] [vde] [info] [VDECollection::Init] Storage driver created successfully
[2026-02-21 16:16:01.772] [vde] [info] [VDECollection::Init] Opening storage driver...
[2026-02-21 16:16:01.772] [vde] [info] [BtrieveSpaceDriver::Open] Opening Btrieve Space in: /data/songs
[2026-02-21 16:16:01.772] [vde] [info] [BtrieveSpaceDriver::Open] Vector file: /data/songs/vectors.space
[2026-02-21 16:16:01.772] [vde] [info] [BtrieveSpaceDriver::Open] Space does not exist, creating new one
[2026-02-21 16:16:01.800] [vde] [info] [BtrieveSpaceDriver::LoadIdMappings] Loading ID mappings from /data/songs/storage_id_mappings.zst
[2026-02-21 16:16:01.800] [vde] [info] [BtrieveSpaceDriver::LoadIdMappings] No mappings file found (this is normal for newly created storage)
[2026-02-21 16:16:01.800] [vde] [info] [BtrieveSpaceDriver::Open] Storage driver opened successfully
[2026-02-21 16:16:01.800] [vde] [info] [VDECollection::Init] Storage driver opened successfully
[2026-02-21 16:16:01.800] [vde] [info] [VDECollection::Init] Initialization completed successfully
[2026-02-21 16:16:01.800] [vde] [info] [VDECollection::Init] Save Metadata right after creation.
[2026-02-21 16:16:01.801] [vde] [info] [VDECollection::SaveMetadata] Saving metadata for collection 'songs' to: /data/songs/metadata.json
[2026-02-21 16:16:01.803] [vde] [info] [VDECollection::SaveMetadata] Metadata saved to /data/songs/metadata.json (storage_type=StorageType::BTRIEVE_SPACE, index_driver_type=IndexDriverType::FAISS)
[2026-02-21 16:16:01.803] [vde] [info] [VDECollection::Init] Save Metadata completed.
[2026-02-21 16:16:01.803] [vde] [info] Collection 'songs' created successfully
[2026-02-21 16:16:01.817] [vde] [info] [VDECollection::BatchUpsert] Starting batch upsert for 1000 vectors
[2026-02-21 16:16:01.829] [vde] [info] [VDECollection::BatchUpsert] Calling index_driver_->BatchAdd for 1000 vectors
[2026-02-21 16:16:01.829] [vde] [info] [FaissDriver::BatchAdd] Batch adding 1000 vectors to FAISS index
[2026-02-21 16:16:01.998] [vde] [info] [FaissDriver::BatchAdd] Successfully added 1000 vectors to FAISS index
[2026-02-21 16:16:01.998] [vde] [info] [VDECollection::BatchUpsert] BatchAdd to index completed successfully
[2026-02-21 16:16:01.998] [vde] [info] [VDECollection::BatchUpsert] Calling storage_driver_->BatchPutVectors for 1000 vectors
[2026-02-21 16:16:02.425] [vde] [info] [VDECollection::BatchUpsert] BatchPutVectors completed successfully
[2026-02-21 16:16:03.182] [vde] [info] [VDECollection::BatchUpsert] Batch upsert completed successfully for 1000 vectors
[2026-02-21 16:16:03.187] [vde] [info] [VDECollection::SaveSnapshot] Saving snapshot for collection 'songs'
[2026-02-21 16:16:03.187] [vde] [info] [VDECollection::SaveSnapshot] Snapshot files will be saved to:
[2026-02-21 16:16:03.187] [vde] [info] [VDECollection::SaveSnapshot]   - metadata: /data/songs/metadata.json
[2026-02-21 16:16:03.187] [vde] [info] [VDECollection::SaveSnapshot]   - id_mappings: /data/songs/id_mappings.zst
[2026-02-21 16:16:03.187] [vde] [info] [VDECollection::SaveSnapshot]   - index_snapshot: /data/songs/index.snapshot
[2026-02-21 16:16:03.187] [vde] [info] [VDECollection::SaveMetadata] Saving metadata for collection 'songs' to: /data/songs/metadata.json
[2026-02-21 16:16:03.188] [vde] [info] [VDECollection::SaveMetadata] Metadata saved to /data/songs/metadata.json (storage_type=StorageType::BTRIEVE_SPACE, index_driver_type=IndexDriverType::FAISS)
[2026-02-21 16:16:03.193] [vde] [info] [CompressString] String size: 39809 bytes
[2026-02-21 16:16:03.199] [vde] [info] [CompressString] Compression Level: 3, Compressed Size: 1688 bytes
[2026-02-21 16:16:03.200] [vde] [info] [VDECollection::SaveSnapshot] ID mappings saved to /data/songs/id_mappings.zst (1000 mappings)
[2026-02-21 16:16:03.200] [vde] [info] [FaissDriver::Serialize] index_ address: 46917216116080
[2026-02-21 16:16:03.200] [vde] [info] [FaissDriver::Serialize] Serializing FAISS index to: /data/songs/index.snapshot
[2026-02-21 16:16:03.200] [vde] [info] [FaissDriver::Serialize] Index stats: ntotal=1000, id_map_size=1000, deleted_ids=0
[2026-02-21 16:16:03.200] [vde] [info] [FaissDriver::Serialize] Index info: is_trained=true, own_fields=true, metric_type=0
[2026-02-21 16:16:03.200] [vde] [info] [FaissDriver::Serialize] HNSW params: efConstruction=200, efSearch=50, max_level=2
[2026-02-21 16:16:03.201] [vde] [info] [FaissDriver::Serialize] HNSW stats: levels.size()=1000, cum_nneighbor_per_level.size()=9
[2026-02-21 16:16:03.201] [vde] [info] [FaissDriver::Serialize] Storage index: ntotal=1000, is_trained=true, d=12
[2026-02-21 16:16:03.201] [vde] [info] [FaissDriver::Serialize] Directory already exists: /data/songs
[2026-02-21 16:16:03.201] [vde] [info] [FaissDriver::Serialize] Calling faiss::write_index...
[2026-02-21 16:16:03.202] [vde] [info] [FaissDriver::Serialize] FAISS index written successfully (full index with storage)
[2026-02-21 16:16:03.203] [vde] [info] [FaissDriver::Serialize] Index file size: 0.18 MB (skip_storage=false)
[2026-02-21 16:16:03.204] [vde] [info] [FaissDriver::Serialize] Metadata written successfully to /data/songs/index.snapshot.meta
[2026-02-21 16:16:03.204] [vde] [info] [FaissDriver::Serialize] Serialization completed successfully
[2026-02-21 16:16:03.204] [vde] [info] [VDECollection::SaveSnapshot] Index snapshot saved to /data/songs/index.snapshot
[2026-02-21 16:16:03.204] [vde] [info] [VDECollection::SaveSnapshot] Snapshot saved successfully for collection 'songs'
[2026-02-21 16:17:12.435] [vde] [info] [gRPC Search] === FIRST SEARCH REQUEST ===
[2026-02-21 16:17:12.435] [vde] [info] [gRPC Search] Collection: songs
[2026-02-21 16:17:12.435] [vde] [info] [gRPC Search] Query dim: 12
[2026-02-21 16:17:12.436] [vde] [info] [gRPC Search] top_k: 5
[2026-02-21 16:17:12.436] [vde] [info] [gRPC Search] =====================================
[2026-02-21 16:17:12.436] [vde] [info] [VDE C++ API] === FIRST SEARCH CALL ===
[2026-02-21 16:17:12.436] [vde] [info] [VDE C++ API] Query dim: 12
[2026-02-21 16:17:12.436] [vde] [info] [VDE C++ API] top_k: 5
[2026-02